[{"line":1,"uri":"file:src/test/resources/features/Login.feature","id":"login-feature","keyword":"Feature","name":"Login Feature","description":"","elements":[{"start_timestamp":"2025-11-07T10:26:01.707Z","line":13,"id":"login-feature;valid-login;;2","type":"scenario","keyword":"Scenario Outline","name":"Valid Login","description":"","steps":[{"keyword":"Given ","line":5,"match":{"location":"stepdefinitions.Login.user_is_navigate_to_login_page()"},"name":"User is navigate to login page","result":{"status":"skipped"}},{"keyword":"When ","line":6,"match":{"location":"stepdefinitions.Login.user_enters_valid_username(java.lang.String)","arguments":[{"val":"\"stduser\"","offset":27}]},"name":"User enters valid username \"stduser\"","result":{"status":"skipped"}},{"keyword":"And ","line":7,"match":{"location":"stepdefinitions.Login.user_enters_valid_password(java.lang.String)","arguments":[{"val":"\"Pixfix@123\"","offset":27}]},"name":"User enters valid password \"Pixfix@123\"","result":{"status":"skipped"}},{"keyword":"And ","line":8,"match":{"location":"stepdefinitions.Login.user_clicks_on_the_login_button()"},"name":"User clicks on the login button","result":{"duration":997500,"status":"skipped"}},{"keyword":"Then ","line":9,"match":{"location":"stepdefinitions.Login.user_should_see_profile_selection_page_once_login_success()"},"name":"User should see profile selection page once login success","result":{"duration":3000000,"status":"skipped"}}],"before":[{"match":{"location":"hooks.MyHooks.setup(io.cucumber.java.Scenario)"},"result":{"duration":185172154800,"status":"failed","error_message":"org.openqa.selenium.SessionNotCreatedException: Could not start a new session. Possible causes are invalid address of the remote server or browser start-up failure. \nHost info: host: 'DESKTOP-P62M67U', ip: '192.168.200.130'\r\n\tat org.openqa.selenium.remote.RemoteWebDriver.execute(RemoteWebDriver.java:563)\r\n\tat org.openqa.selenium.remote.RemoteWebDriver.startSession(RemoteWebDriver.java:245)\r\n\tat org.openqa.selenium.remote.RemoteWebDriver.<init>(RemoteWebDriver.java:174)\r\n\tat org.openqa.selenium.remote.RemoteWebDriver.<init>(RemoteWebDriver.java:152)\r\n\tat factory.DriverFactory.initializeBrowser(DriverFactory.java:48)\r\n\tat hooks.MyHooks.setup(MyHooks.java:25)\r\nCaused by: org.openqa.selenium.TimeoutException: java.util.concurrent.TimeoutException\nBuild info: version: '4.24.0', revision: '748ffc9bc3'\nSystem info: os.name: 'Windows 10', os.arch: 'amd64', os.version: '10.0', java.version: '22.0.2'\nDriver info: driver.version: RemoteWebDriver\r\n\tat org.openqa.selenium.remote.http.jdk.JdkHttpClient.execute0(JdkHttpClient.java:418)\r\n\tat org.openqa.selenium.remote.http.AddSeleniumUserAgent.lambda$apply$0(AddSeleniumUserAgent.java:42)\r\n\tat org.openqa.selenium.remote.http.Filter.lambda$andFinally$1(Filter.java:55)\r\n\tat org.openqa.selenium.remote.http.jdk.JdkHttpClient.execute(JdkHttpClient.java:374)\r\n\tat org.openqa.selenium.remote.tracing.TracedHttpClient.execute(TracedHttpClient.java:54)\r\n\tat org.openqa.selenium.remote.ProtocolHandshake.createSession(ProtocolHandshake.java:89)\r\n\tat org.openqa.selenium.remote.ProtocolHandshake.createSession(ProtocolHandshake.java:75)\r\n\tat org.openqa.selenium.remote.ProtocolHandshake.createSession(ProtocolHandshake.java:61)\r\n\tat org.openqa.selenium.remote.HttpCommandExecutor.execute(HttpCommandExecutor.java:162)\r\n\tat org.openqa.selenium.remote.TracedCommandExecutor.execute(TracedCommandExecutor.java:53)\r\n\tat org.openqa.selenium.remote.RemoteWebDriver.execute(RemoteWebDriver.java:545)\r\n\t... 5 more\r\nCaused by: java.util.concurrent.TimeoutException\r\n\tat java.base/java.util.concurrent.CompletableFuture.timedGet(CompletableFuture.java:1960)\r\n\tat java.base/java.util.concurrent.CompletableFuture.get(CompletableFuture.java:2095)\r\n\tat org.openqa.selenium.remote.http.jdk.JdkHttpClient.execute0(JdkHttpClient.java:401)\r\n\t... 15 more\r\n"}}],"after":[{"match":{"location":"hooks.MyHooks.teardown(io.cucumber.java.Scenario)"},"result":{"duration":1001000,"status":"failed","error_message":"java.lang.NullPointerException: Cannot invoke \"org.openqa.selenium.TakesScreenshot.getScreenshotAs(org.openqa.selenium.OutputType)\" because \"this.driver\" is null\r\n\tat hooks.MyHooks.teardown(MyHooks.java:33)\r\n"}}]},{"start_timestamp":"2025-11-07T10:26:01.709Z","line":14,"id":"login-feature;valid-login;;3","type":"scenario","keyword":"Scenario Outline","name":"Valid Login","description":"","steps":[{"keyword":"Given ","line":5,"match":{"location":"stepdefinitions.Login.user_is_navigate_to_login_page()"},"name":"User is navigate to login page","result":{"duration":998500,"status":"skipped"}},{"keyword":"When ","line":6,"match":{"location":"stepdefinitions.Login.user_enters_valid_username(java.lang.String)","arguments":[{"val":"\"400104\"","offset":27}]},"name":"User enters valid username \"400104\"","result":{"status":"skipped"}},{"keyword":"And ","line":7,"match":{"location":"stepdefinitions.Login.user_enters_valid_password(java.lang.String)","arguments":[{"val":"\"Pixfix@123\"","offset":27}]},"name":"User enters valid password \"Pixfix@123\"","result":{"status":"skipped"}},{"keyword":"And ","line":8,"match":{"location":"stepdefinitions.Login.user_clicks_on_the_login_button()"},"name":"User clicks on the login button","result":{"status":"skipped"}},{"keyword":"Then ","line":9,"match":{"location":"stepdefinitions.Login.user_should_see_profile_selection_page_once_login_success()"},"name":"User should see profile selection page once login success","result":{"duration":1025200,"status":"skipped"}}],"before":[{"match":{"location":"hooks.MyHooks.setup(io.cucumber.java.Scenario)"},"result":{"duration":185176160600,"status":"failed","error_message":"org.openqa.selenium.SessionNotCreatedException: Could not start a new session. Possible causes are invalid address of the remote server or browser start-up failure. \nHost info: host: 'DESKTOP-P62M67U', ip: '192.168.200.130'\r\n\tat org.openqa.selenium.remote.RemoteWebDriver.execute(RemoteWebDriver.java:563)\r\n\tat org.openqa.selenium.remote.RemoteWebDriver.startSession(RemoteWebDriver.java:245)\r\n\tat org.openqa.selenium.remote.RemoteWebDriver.<init>(RemoteWebDriver.java:174)\r\n\tat org.openqa.selenium.remote.RemoteWebDriver.<init>(RemoteWebDriver.java:152)\r\n\tat factory.DriverFactory.initializeBrowser(DriverFactory.java:48)\r\n\tat hooks.MyHooks.setup(MyHooks.java:25)\r\nCaused by: org.openqa.selenium.TimeoutException: java.util.concurrent.TimeoutException\nBuild info: version: '4.24.0', revision: '748ffc9bc3'\nSystem info: os.name: 'Windows 10', os.arch: 'amd64', os.version: '10.0', java.version: '22.0.2'\nDriver info: driver.version: RemoteWebDriver\r\n\tat org.openqa.selenium.remote.http.jdk.JdkHttpClient.execute0(JdkHttpClient.java:418)\r\n\tat org.openqa.selenium.remote.http.AddSeleniumUserAgent.lambda$apply$0(AddSeleniumUserAgent.java:42)\r\n\tat org.openqa.selenium.remote.http.Filter.lambda$andFinally$1(Filter.java:55)\r\n\tat org.openqa.selenium.remote.http.jdk.JdkHttpClient.execute(JdkHttpClient.java:374)\r\n\tat org.openqa.selenium.remote.tracing.TracedHttpClient.execute(TracedHttpClient.java:54)\r\n\tat org.openqa.selenium.remote.ProtocolHandshake.createSession(ProtocolHandshake.java:89)\r\n\tat org.openqa.selenium.remote.ProtocolHandshake.createSession(ProtocolHandshake.java:75)\r\n\tat org.openqa.selenium.remote.ProtocolHandshake.createSession(ProtocolHandshake.java:61)\r\n\tat org.openqa.selenium.remote.HttpCommandExecutor.execute(HttpCommandExecutor.java:162)\r\n\tat org.openqa.selenium.remote.TracedCommandExecutor.execute(TracedCommandExecutor.java:53)\r\n\tat org.openqa.selenium.remote.RemoteWebDriver.execute(RemoteWebDriver.java:545)\r\n\t... 5 more\r\nCaused by: java.util.concurrent.TimeoutException\r\n\tat java.base/java.util.concurrent.CompletableFuture.timedGet(CompletableFuture.java:1960)\r\n\tat java.base/java.util.concurrent.CompletableFuture.get(CompletableFuture.java:2095)\r\n\tat org.openqa.selenium.remote.http.jdk.JdkHttpClient.execute0(JdkHttpClient.java:401)\r\n\t... 15 more\r\n"}}],"after":[{"match":{"location":"hooks.MyHooks.teardown(io.cucumber.java.Scenario)"},"result":{"duration":14000600,"status":"failed","error_message":"java.lang.NullPointerException: Cannot invoke \"org.openqa.selenium.TakesScreenshot.getScreenshotAs(org.openqa.selenium.OutputType)\" because \"this.driver\" is null\r\n\tat hooks.MyHooks.teardown(MyHooks.java:33)\r\n"}}]},{"start_timestamp":"2025-11-07T10:26:01.701Z","line":15,"id":"login-feature;valid-login;;4","type":"scenario","keyword":"Scenario Outline","name":"Valid Login","description":"","steps":[{"keyword":"Given ","line":5,"match":{"location":"stepdefinitions.Login.user_is_navigate_to_login_page()"},"name":"User is navigate to login page","result":{"status":"skipped"}},{"keyword":"When ","line":6,"match":{"location":"stepdefinitions.Login.user_enters_valid_username(java.lang.String)","arguments":[{"val":"\"arunvn\"","offset":27}]},"name":"User enters valid username \"arunvn\"","result":{"duration":1004600,"status":"skipped"}},{"keyword":"And ","line":7,"match":{"location":"stepdefinitions.Login.user_enters_valid_password(java.lang.String)","arguments":[{"val":"\"Pixfix@12\"","offset":27}]},"name":"User enters valid password \"Pixfix@12\"","result":{"status":"skipped"}},{"keyword":"And ","line":8,"match":{"location":"stepdefinitions.Login.user_clicks_on_the_login_button()"},"name":"User clicks on the login button","result":{"status":"skipped"}},{"keyword":"Then ","line":9,"match":{"location":"stepdefinitions.Login.user_should_see_profile_selection_page_once_login_success()"},"name":"User should see profile selection page once login success","result":{"status":"skipped"}}],"before":[{"match":{"location":"hooks.MyHooks.setup(io.cucumber.java.Scenario)"},"result":{"duration":185178160200,"status":"failed","error_message":"org.openqa.selenium.SessionNotCreatedException: Could not start a new session. Possible causes are invalid address of the remote server or browser start-up failure. \nHost info: host: 'DESKTOP-P62M67U', ip: '192.168.200.130'\r\n\tat org.openqa.selenium.remote.RemoteWebDriver.execute(RemoteWebDriver.java:563)\r\n\tat org.openqa.selenium.remote.RemoteWebDriver.startSession(RemoteWebDriver.java:245)\r\n\tat org.openqa.selenium.remote.RemoteWebDriver.<init>(RemoteWebDriver.java:174)\r\n\tat org.openqa.selenium.remote.RemoteWebDriver.<init>(RemoteWebDriver.java:152)\r\n\tat factory.DriverFactory.initializeBrowser(DriverFactory.java:48)\r\n\tat hooks.MyHooks.setup(MyHooks.java:25)\r\nCaused by: org.openqa.selenium.TimeoutException: java.util.concurrent.TimeoutException\nBuild info: version: '4.24.0', revision: '748ffc9bc3'\nSystem info: os.name: 'Windows 10', os.arch: 'amd64', os.version: '10.0', java.version: '22.0.2'\nDriver info: driver.version: RemoteWebDriver\r\n\tat org.openqa.selenium.remote.http.jdk.JdkHttpClient.execute0(JdkHttpClient.java:418)\r\n\tat org.openqa.selenium.remote.http.AddSeleniumUserAgent.lambda$apply$0(AddSeleniumUserAgent.java:42)\r\n\tat org.openqa.selenium.remote.http.Filter.lambda$andFinally$1(Filter.java:55)\r\n\tat org.openqa.selenium.remote.http.jdk.JdkHttpClient.execute(JdkHttpClient.java:374)\r\n\tat org.openqa.selenium.remote.tracing.TracedHttpClient.execute(TracedHttpClient.java:54)\r\n\tat org.openqa.selenium.remote.ProtocolHandshake.createSession(ProtocolHandshake.java:89)\r\n\tat org.openqa.selenium.remote.ProtocolHandshake.createSession(ProtocolHandshake.java:75)\r\n\tat org.openqa.selenium.remote.ProtocolHandshake.createSession(ProtocolHandshake.java:61)\r\n\tat org.openqa.selenium.remote.HttpCommandExecutor.execute(HttpCommandExecutor.java:162)\r\n\tat org.openqa.selenium.remote.TracedCommandExecutor.execute(TracedCommandExecutor.java:53)\r\n\tat org.openqa.selenium.remote.RemoteWebDriver.execute(RemoteWebDriver.java:545)\r\n\t... 5 more\r\nCaused by: java.util.concurrent.TimeoutException\r\n\tat java.base/java.util.concurrent.CompletableFuture.timedGet(CompletableFuture.java:1960)\r\n\tat java.base/java.util.concurrent.CompletableFuture.get(CompletableFuture.java:2095)\r\n\tat org.openqa.selenium.remote.http.jdk.JdkHttpClient.execute0(JdkHttpClient.java:401)\r\n\t... 15 more\r\n"}}],"after":[{"match":{"location":"hooks.MyHooks.teardown(io.cucumber.java.Scenario)"},"result":{"duration":1000600,"status":"failed","error_message":"java.lang.NullPointerException: Cannot invoke \"org.openqa.selenium.TakesScreenshot.getScreenshotAs(org.openqa.selenium.OutputType)\" because \"this.driver\" is null\r\n\tat hooks.MyHooks.teardown(MyHooks.java:33)\r\n"}}]},{"start_timestamp":"2025-11-07T10:26:01.706Z","line":16,"id":"login-feature;valid-login;;5","type":"scenario","keyword":"Scenario Outline","name":"Valid Login","description":"","steps":[{"keyword":"Given ","line":5,"match":{"location":"stepdefinitions.Login.user_is_navigate_to_login_page()"},"name":"User is navigate to login page","result":{"duration":997700,"status":"skipped"}},{"keyword":"When ","line":6,"match":{"location":"stepdefinitions.Login.user_enters_valid_username(java.lang.String)","arguments":[{"val":"\"shamanth\"","offset":27}]},"name":"User enters valid username \"shamanth\"","result":{"status":"skipped"}},{"keyword":"And ","line":7,"match":{"location":"stepdefinitions.Login.user_enters_valid_password(java.lang.String)","arguments":[{"val":"\"Pixfix@123\"","offset":27}]},"name":"User enters valid password \"Pixfix@123\"","result":{"status":"skipped"}},{"keyword":"And ","line":8,"match":{"location":"stepdefinitions.Login.user_clicks_on_the_login_button()"},"name":"User clicks on the login button","result":{"status":"skipped"}},{"keyword":"Then ","line":9,"match":{"location":"stepdefinitions.Login.user_should_see_profile_selection_page_once_login_success()"},"name":"User should see profile selection page once login success","result":{"status":"skipped"}}],"before":[{"match":{"location":"hooks.MyHooks.setup(io.cucumber.java.Scenario)"},"result":{"duration":185176157500,"status":"failed","error_message":"org.openqa.selenium.SessionNotCreatedException: Could not start a new session. Possible causes are invalid address of the remote server or browser start-up failure. \nHost info: host: 'DESKTOP-P62M67U', ip: '192.168.200.130'\r\n\tat org.openqa.selenium.remote.RemoteWebDriver.execute(RemoteWebDriver.java:563)\r\n\tat org.openqa.selenium.remote.RemoteWebDriver.startSession(RemoteWebDriver.java:245)\r\n\tat org.openqa.selenium.remote.RemoteWebDriver.<init>(RemoteWebDriver.java:174)\r\n\tat org.openqa.selenium.remote.RemoteWebDriver.<init>(RemoteWebDriver.java:152)\r\n\tat factory.DriverFactory.initializeBrowser(DriverFactory.java:48)\r\n\tat hooks.MyHooks.setup(MyHooks.java:25)\r\nCaused by: org.openqa.selenium.TimeoutException: java.util.concurrent.TimeoutException\nBuild info: version: '4.24.0', revision: '748ffc9bc3'\nSystem info: os.name: 'Windows 10', os.arch: 'amd64', os.version: '10.0', java.version: '22.0.2'\nDriver info: driver.version: RemoteWebDriver\r\n\tat org.openqa.selenium.remote.http.jdk.JdkHttpClient.execute0(JdkHttpClient.java:418)\r\n\tat org.openqa.selenium.remote.http.AddSeleniumUserAgent.lambda$apply$0(AddSeleniumUserAgent.java:42)\r\n\tat org.openqa.selenium.remote.http.Filter.lambda$andFinally$1(Filter.java:55)\r\n\tat org.openqa.selenium.remote.http.jdk.JdkHttpClient.execute(JdkHttpClient.java:374)\r\n\tat org.openqa.selenium.remote.tracing.TracedHttpClient.execute(TracedHttpClient.java:54)\r\n\tat org.openqa.selenium.remote.ProtocolHandshake.createSession(ProtocolHandshake.java:89)\r\n\tat org.openqa.selenium.remote.ProtocolHandshake.createSession(ProtocolHandshake.java:75)\r\n\tat org.openqa.selenium.remote.ProtocolHandshake.createSession(ProtocolHandshake.java:61)\r\n\tat org.openqa.selenium.remote.HttpCommandExecutor.execute(HttpCommandExecutor.java:162)\r\n\tat org.openqa.selenium.remote.TracedCommandExecutor.execute(TracedCommandExecutor.java:53)\r\n\tat org.openqa.selenium.remote.RemoteWebDriver.execute(RemoteWebDriver.java:545)\r\n\t... 5 more\r\nCaused by: java.util.concurrent.TimeoutException\r\n\tat java.base/java.util.concurrent.CompletableFuture.timedGet(CompletableFuture.java:1960)\r\n\tat java.base/java.util.concurrent.CompletableFuture.get(CompletableFuture.java:2095)\r\n\tat org.openqa.selenium.remote.http.jdk.JdkHttpClient.execute0(JdkHttpClient.java:401)\r\n\t... 15 more\r\n"}}],"after":[{"match":{"location":"hooks.MyHooks.teardown(io.cucumber.java.Scenario)"},"result":{"duration":4021200,"status":"failed","error_message":"java.lang.NullPointerException: Cannot invoke \"org.openqa.selenium.TakesScreenshot.getScreenshotAs(org.openqa.selenium.OutputType)\" because \"this.driver\" is null\r\n\tat hooks.MyHooks.teardown(MyHooks.java:33)\r\n"}}]},{"start_timestamp":"2025-11-07T10:26:01.702Z","line":18,"id":"login-feature;valid-username-and-invalid-password","type":"scenario","keyword":"Scenario","name":"Valid username and invalid password","description":"","steps":[{"keyword":"Given ","line":19,"match":{"location":"stepdefinitions.Login.user_is_navigate_to_login_page()"},"name":"User is navigate to login page","result":{"status":"skipped"}},{"keyword":"When ","line":20,"match":{"location":"stepdefinitions.Login.user_enters_valid_username(java.lang.String)","arguments":[{"val":"\"stduser\"","offset":27}]},"name":"User enters valid username \"stduser\"","result":{"status":"skipped"}},{"keyword":"And ","line":21,"match":{"location":"stepdefinitions.Login.user_enters_invalid_password(java.lang.String)","arguments":[{"val":"\"Pixfix@12345\"","offset":29}]},"name":"User enters Invalid password \"Pixfix@12345\"","result":{"duration":1005300,"status":"skipped"}},{"keyword":"And ","line":22,"match":{"location":"stepdefinitions.Login.user_clicks_on_the_login_button()"},"name":"User clicks on the login button","result":{"status":"skipped"}},{"keyword":"Then ","line":23,"match":{"location":"stepdefinitions.Login.user_should_see_an_invalid_password_error_message()"},"name":"User should see an invalid password error message","result":{"duration":1002700,"status":"skipped"}}],"before":[{"match":{"location":"hooks.MyHooks.setup(io.cucumber.java.Scenario)"},"result":{"duration":185180155400,"status":"failed","error_message":"org.openqa.selenium.SessionNotCreatedException: Could not start a new session. Possible causes are invalid address of the remote server or browser start-up failure. \nHost info: host: 'DESKTOP-P62M67U', ip: '192.168.200.130'\r\n\tat org.openqa.selenium.remote.RemoteWebDriver.execute(RemoteWebDriver.java:563)\r\n\tat org.openqa.selenium.remote.RemoteWebDriver.startSession(RemoteWebDriver.java:245)\r\n\tat org.openqa.selenium.remote.RemoteWebDriver.<init>(RemoteWebDriver.java:174)\r\n\tat org.openqa.selenium.remote.RemoteWebDriver.<init>(RemoteWebDriver.java:152)\r\n\tat factory.DriverFactory.initializeBrowser(DriverFactory.java:48)\r\n\tat hooks.MyHooks.setup(MyHooks.java:25)\r\nCaused by: org.openqa.selenium.TimeoutException: java.util.concurrent.TimeoutException\nBuild info: version: '4.24.0', revision: '748ffc9bc3'\nSystem info: os.name: 'Windows 10', os.arch: 'amd64', os.version: '10.0', java.version: '22.0.2'\nDriver info: driver.version: RemoteWebDriver\r\n\tat org.openqa.selenium.remote.http.jdk.JdkHttpClient.execute0(JdkHttpClient.java:418)\r\n\tat org.openqa.selenium.remote.http.AddSeleniumUserAgent.lambda$apply$0(AddSeleniumUserAgent.java:42)\r\n\tat org.openqa.selenium.remote.http.Filter.lambda$andFinally$1(Filter.java:55)\r\n\tat org.openqa.selenium.remote.http.jdk.JdkHttpClient.execute(JdkHttpClient.java:374)\r\n\tat org.openqa.selenium.remote.tracing.TracedHttpClient.execute(TracedHttpClient.java:54)\r\n\tat org.openqa.selenium.remote.ProtocolHandshake.createSession(ProtocolHandshake.java:89)\r\n\tat org.openqa.selenium.remote.ProtocolHandshake.createSession(ProtocolHandshake.java:75)\r\n\tat org.openqa.selenium.remote.ProtocolHandshake.createSession(ProtocolHandshake.java:61)\r\n\tat org.openqa.selenium.remote.HttpCommandExecutor.execute(HttpCommandExecutor.java:162)\r\n\tat org.openqa.selenium.remote.TracedCommandExecutor.execute(TracedCommandExecutor.java:53)\r\n\tat org.openqa.selenium.remote.RemoteWebDriver.execute(RemoteWebDriver.java:545)\r\n\t... 5 more\r\nCaused by: java.util.concurrent.TimeoutException\r\n\tat java.base/java.util.concurrent.CompletableFuture.timedGet(CompletableFuture.java:1960)\r\n\tat java.base/java.util.concurrent.CompletableFuture.get(CompletableFuture.java:2095)\r\n\tat org.openqa.selenium.remote.http.jdk.JdkHttpClient.execute0(JdkHttpClient.java:401)\r\n\t... 15 more\r\n"}}],"after":[{"match":{"location":"hooks.MyHooks.teardown(io.cucumber.java.Scenario)"},"result":{"duration":994300,"status":"failed","error_message":"java.lang.NullPointerException: Cannot invoke \"org.openqa.selenium.TakesScreenshot.getScreenshotAs(org.openqa.selenium.OutputType)\" because \"this.driver\" is null\r\n\tat hooks.MyHooks.teardown(MyHooks.java:33)\r\n"}}]},{"start_timestamp":"2025-11-07T10:26:01.710Z","line":25,"id":"login-feature;invalid-username-and-valid-password","type":"scenario","keyword":"Scenario","name":"InValid username and valid password","description":"","steps":[{"keyword":"Given ","line":26,"match":{"location":"stepdefinitions.Login.user_is_navigate_to_login_page()"},"name":"User is navigate to login page","result":{"status":"skipped"}},{"keyword":"When ","line":27,"match":{"location":"stepdefinitions.Login.user_enters_invalid_username(java.lang.String)","arguments":[{"val":"\"stduser123\"","offset":29}]},"name":"User enters Invalid username \"stduser123\"","result":{"status":"skipped"}},{"keyword":"And ","line":28,"match":{"location":"stepdefinitions.Login.user_enters_valid_password(java.lang.String)","arguments":[{"val":"\"Pixfix@123\"","offset":27}]},"name":"User enters valid password \"Pixfix@123\"","result":{"duration":1005800,"status":"skipped"}},{"keyword":"And ","line":29,"match":{"location":"stepdefinitions.Login.user_clicks_on_the_login_button()"},"name":"User clicks on the login button","result":{"status":"skipped"}},{"keyword":"Then ","line":30,"match":{"location":"stepdefinitions.Login.user_should_see_an_invalid_username_error_message()"},"name":"User should see an invalid username error message","result":{"status":"skipped"}}],"before":[{"match":{"location":"hooks.MyHooks.setup(io.cucumber.java.Scenario)"},"result":{"duration":185147155100,"status":"failed","error_message":"org.openqa.selenium.SessionNotCreatedException: Could not start a new session. Possible causes are invalid address of the remote server or browser start-up failure. \nHost info: host: 'DESKTOP-P62M67U', ip: '192.168.200.130'\r\n\tat org.openqa.selenium.remote.RemoteWebDriver.execute(RemoteWebDriver.java:563)\r\n\tat org.openqa.selenium.remote.RemoteWebDriver.startSession(RemoteWebDriver.java:245)\r\n\tat org.openqa.selenium.remote.RemoteWebDriver.<init>(RemoteWebDriver.java:174)\r\n\tat org.openqa.selenium.remote.RemoteWebDriver.<init>(RemoteWebDriver.java:152)\r\n\tat factory.DriverFactory.initializeBrowser(DriverFactory.java:48)\r\n\tat hooks.MyHooks.setup(MyHooks.java:25)\r\nCaused by: org.openqa.selenium.TimeoutException: java.util.concurrent.TimeoutException\nBuild info: version: '4.24.0', revision: '748ffc9bc3'\nSystem info: os.name: 'Windows 10', os.arch: 'amd64', os.version: '10.0', java.version: '22.0.2'\nDriver info: driver.version: RemoteWebDriver\r\n\tat org.openqa.selenium.remote.http.jdk.JdkHttpClient.execute0(JdkHttpClient.java:418)\r\n\tat org.openqa.selenium.remote.http.AddSeleniumUserAgent.lambda$apply$0(AddSeleniumUserAgent.java:42)\r\n\tat org.openqa.selenium.remote.http.Filter.lambda$andFinally$1(Filter.java:55)\r\n\tat org.openqa.selenium.remote.http.jdk.JdkHttpClient.execute(JdkHttpClient.java:374)\r\n\tat org.openqa.selenium.remote.tracing.TracedHttpClient.execute(TracedHttpClient.java:54)\r\n\tat org.openqa.selenium.remote.ProtocolHandshake.createSession(ProtocolHandshake.java:89)\r\n\tat org.openqa.selenium.remote.ProtocolHandshake.createSession(ProtocolHandshake.java:75)\r\n\tat org.openqa.selenium.remote.ProtocolHandshake.createSession(ProtocolHandshake.java:61)\r\n\tat org.openqa.selenium.remote.HttpCommandExecutor.execute(HttpCommandExecutor.java:162)\r\n\tat org.openqa.selenium.remote.TracedCommandExecutor.execute(TracedCommandExecutor.java:53)\r\n\tat org.openqa.selenium.remote.RemoteWebDriver.execute(RemoteWebDriver.java:545)\r\n\t... 5 more\r\nCaused by: java.util.concurrent.TimeoutException\r\n\tat java.base/java.util.concurrent.CompletableFuture.timedGet(CompletableFuture.java:1960)\r\n\tat java.base/java.util.concurrent.CompletableFuture.get(CompletableFuture.java:2095)\r\n\tat org.openqa.selenium.remote.http.jdk.JdkHttpClient.execute0(JdkHttpClient.java:401)\r\n\t... 15 more\r\n"}}],"after":[{"match":{"location":"hooks.MyHooks.teardown(io.cucumber.java.Scenario)"},"result":{"duration":1996900,"status":"failed","error_message":"java.lang.NullPointerException: Cannot invoke \"org.openqa.selenium.TakesScreenshot.getScreenshotAs(org.openqa.selenium.OutputType)\" because \"this.driver\" is null\r\n\tat hooks.MyHooks.teardown(MyHooks.java:33)\r\n"}}]},{"start_timestamp":"2025-11-07T10:26:01.681Z","line":32,"id":"login-feature;empty-username-and-password-fields","type":"scenario","keyword":"Scenario","name":"empty username and password fields","description":"","steps":[{"keyword":"Given ","line":33,"match":{"location":"stepdefinitions.Login.user_is_navigate_to_login_page()"},"name":"User is navigate to login page","result":{"status":"skipped"}},{"keyword":"When ","line":34,"match":{"location":"stepdefinitions.Login.user_without_enters_username()"},"name":"User without enters username","result":{"status":"skipped"}},{"keyword":"And ","line":35,"match":{"location":"stepdefinitions.Login.user_without_enters_password()"},"name":"User without enters password","result":{"status":"skipped"}},{"keyword":"And ","line":36,"match":{"location":"stepdefinitions.Login.user_clicks_on_the_login_button()"},"name":"User clicks on the login button","result":{"duration":1007600,"status":"skipped"}},{"keyword":"Then ","line":37,"match":{"location":"stepdefinitions.Login.user_should_see_an_empty_field_error_message()"},"name":"User should see an empty field error message","result":{"status":"skipped"}}],"before":[{"match":{"location":"hooks.MyHooks.setup(io.cucumber.java.Scenario)"},"result":{"duration":251729378400,"status":"failed","error_message":"org.openqa.selenium.TimeoutException: java.util.concurrent.TimeoutException\nBuild info: version: '4.24.0', revision: '748ffc9bc3'\nSystem info: os.name: 'Windows 10', os.arch: 'amd64', os.version: '10.0', java.version: '22.0.2'\nDriver info: org.openqa.selenium.remote.RemoteWebDriver\nCommand: [cf8023d6f8b69f72c38c1ea08afff948, deleteAllCookies {}]\nCapabilities {acceptInsecureCerts: false, browserName: MicrosoftEdge, browserVersion: 138.0.3351.121, fedcm:accounts: true, ms:edgeOptions: {debuggerAddress: localhost:41695}, msedge: {msedgedriverVersion: 138.0.3351.121 (98ab1f0baf4..., userDataDir: /tmp/.com.microsoft.Edge.uu...}, networkConnectionEnabled: false, pageLoadStrategy: normal, platformName: linux, proxy: Proxy(), se:bidiEnabled: false, se:cdp: ws://172.18.0.4:4444/sessio..., se:cdpVersion: 138.0.3351.121, se:containerName: d9619e30bc6f, se:deleteSessionOnUi: true, se:downloadsEnabled: true, se:noVncPort: 7900, se:vnc: ws://172.18.0.4:4444/sessio..., se:vncEnabled: true, se:vncLocalAddress: ws://172.18.0.4:7900, setWindowRect: true, strictFileInteractability: false, timeouts: {implicit: 0, pageLoad: 300000, script: 30000}, unhandledPromptBehavior: dismiss and notify, webauthn:extension:credBlob: true, webauthn:extension:largeBlob: true, webauthn:extension:minPinLength: true, webauthn:extension:prf: true, webauthn:virtualAuthenticators: true}\nSession ID: cf8023d6f8b69f72c38c1ea08afff948\r\n\tat org.openqa.selenium.remote.http.jdk.JdkHttpClient.execute0(JdkHttpClient.java:418)\r\n\tat org.openqa.selenium.remote.http.AddSeleniumUserAgent.lambda$apply$0(AddSeleniumUserAgent.java:42)\r\n\tat org.openqa.selenium.remote.http.Filter.lambda$andFinally$1(Filter.java:55)\r\n\tat org.openqa.selenium.remote.http.jdk.JdkHttpClient.execute(JdkHttpClient.java:374)\r\n\tat org.openqa.selenium.remote.tracing.TracedHttpClient.execute(TracedHttpClient.java:54)\r\n\tat org.openqa.selenium.remote.HttpCommandExecutor.execute(HttpCommandExecutor.java:187)\r\n\tat org.openqa.selenium.remote.TracedCommandExecutor.execute(TracedCommandExecutor.java:53)\r\n\tat org.openqa.selenium.remote.RemoteWebDriver.execute(RemoteWebDriver.java:545)\r\n\tat org.openqa.selenium.remote.RemoteWebDriver.execute(RemoteWebDriver.java:618)\r\n\tat org.openqa.selenium.remote.RemoteWebDriver.execute(RemoteWebDriver.java:622)\r\n\tat org.openqa.selenium.remote.RemoteWebDriver$RemoteWebDriverOptions.deleteAllCookies(RemoteWebDriver.java:882)\r\n\tat factory.DriverFactory.initializeBrowser(DriverFactory.java:75)\r\n\tat hooks.MyHooks.setup(MyHooks.java:25)\r\nCaused by: java.util.concurrent.TimeoutException\r\n\tat java.base/java.util.concurrent.CompletableFuture.timedGet(CompletableFuture.java:1960)\r\n\tat java.base/java.util.concurrent.CompletableFuture.get(CompletableFuture.java:2095)\r\n\tat org.openqa.selenium.remote.http.jdk.JdkHttpClient.execute0(JdkHttpClient.java:401)\r\n\t... 12 more\r\n"}}],"after":[{"match":{"location":"hooks.MyHooks.teardown(io.cucumber.java.Scenario)"},"result":{"duration":1002300,"status":"failed","error_message":"java.lang.NullPointerException: Cannot invoke \"org.openqa.selenium.TakesScreenshot.getScreenshotAs(org.openqa.selenium.OutputType)\" because \"this.driver\" is null\r\n\tat hooks.MyHooks.teardown(MyHooks.java:33)\r\n"}}]}],"tags":[]}]